<?xml version="1.0" encoding="UTF-8"?>
<!-- Generated by org.testng.reporters.JUnitReportReporter -->
<testsuite hostname="ndi-mb-109" failures="0" tests="1" name="testclass.NewListingTest" time="379.659" errors="0" timestamp="2023-04-14T11:25:15 IST" skipped="0">
  <testcase classname="testclass.NewListingTest" name="NewListingTest" time="379.659"/>
  <system-out/>
</testsuite> <!-- testclass.NewListingTest -->
