<?xml version="1.0" encoding="UTF-8"?>
<!-- Generated by org.testng.reporters.JUnitReportReporter -->
<testsuite hostname="ndi-mb-109" failures="0" tests="1" name="testclass.CopyTest" time="128.724" errors="0" timestamp="2023-02-10T15:31:57 IST" skipped="0">
  <testcase classname="testclass.CopyTest" name="copyListing" time="128.724"/>
  <system-out/>
</testsuite> <!-- testclass.CopyTest -->
